<?xml version="1.0" encoding="UTF-8"?>
<!-- Generated by org.testng.reporters.JUnitReportReporter -->
<testsuite hostname="Venkatesh" failures="0" tests="1" name="testcases.TC009_PaymentTest" time="66.752" errors="0" timestamp="2024-04-29T07:11:07 IST" skipped="0">
  <testcase classname="testcases.TC009_PaymentTest" name="PaymentPage" time="66.752"/>
</testsuite> <!-- testcases.TC009_PaymentTest -->
