<?xml version="1.0" encoding="UTF-8"?>
<!-- Generated by org.testng.reporters.JUnitReportReporter -->
<testsuite hostname="Venkatesh" failures="0" tests="1" name="testcases.TC004_FlightSearch_OneTripTest" time="18.044" errors="0" timestamp="2024-04-29T07:11:07 IST" skipped="0">
  <testcase classname="testcases.TC004_FlightSearch_OneTripTest" name="FlightSearch_OneTrip" time="18.044"/>
</testsuite> <!-- testcases.TC004_FlightSearch_OneTripTest -->
