<?xml version="1.0" encoding="UTF-8"?>
<!-- Generated by org.testng.reporters.JUnitReportReporter -->
<testsuite hostname="Venkatesh" failures="0" tests="1" name="testcases.TC004_FlightSearch_and_FlightSelectionTest" time="40.192" errors="0" timestamp="2024-04-16T18:50:41 IST" skipped="0">
  <testcase classname="testcases.TC004_FlightSearch_and_FlightSelectionTest" name="flightSearchandSelection" time="40.192"/>
</testsuite> <!-- testcases.TC004_FlightSearch_and_FlightSelectionTest -->
