<?xml version="1.0" encoding="UTF-8"?>
<!-- Generated by org.testng.reporters.JUnitReportReporter -->
<testsuite hostname="Venkatesh" failures="0" tests="4" name="testcases.TC012_LoginWithInvalidInputs_EmailIDTest" time="61.886" errors="0" timestamp="2024-04-29T19:49:23 IST" skipped="0">
  <testcase classname="testcases.TC012_LoginWithInvalidInputs_EmailIDTest" name="LoginCredentials_EmailID" time="14.661"/>
  <testcase classname="testcases.TC012_LoginWithInvalidInputs_EmailIDTest" name="LoginCredentials_EmailID" time="15.707"/>
  <testcase classname="testcases.TC012_LoginWithInvalidInputs_EmailIDTest" name="LoginCredentials_EmailID" time="16.668"/>
  <testcase classname="testcases.TC012_LoginWithInvalidInputs_EmailIDTest" name="LoginCredentials_EmailID" time="14.850"/>
</testsuite> <!-- testcases.TC012_LoginWithInvalidInputs_EmailIDTest -->
