<?xml version="1.0" encoding="UTF-8"?>
<!-- Generated by org.testng.reporters.JUnitReportReporter -->
<testsuite hostname="Venkatesh" failures="0" tests="1" name="testcases.TC008_AddOnsTest" time="56.110" errors="0" timestamp="2024-04-29T07:11:07 IST" skipped="0">
  <testcase classname="testcases.TC008_AddOnsTest" name="AddOns" time="56.110"/>
</testsuite> <!-- testcases.TC008_AddOnsTest -->
