<?xml version="1.0" encoding="UTF-8"?>
<!-- Generated by org.testng.reporters.JUnitReportReporter -->
<testsuite hostname="Venkatesh" failures="0" tests="1" name="testcases.TC007_PassengersDetailsTest" time="28.329" errors="0" timestamp="2024-04-29T07:42:43 IST" skipped="0">
  <testcase classname="testcases.TC007_PassengersDetailsTest" name="PassengersDetails" time="28.329"/>
</testsuite> <!-- testcases.TC007_PassengersDetailsTest -->
