<?xml version="1.0" encoding="UTF-8"?>
<!-- Generated by org.testng.reporters.JUnitReportReporter -->
<testsuite hostname="Venkatesh" failures="0" tests="1" name="testcases.TC005_FlightSearch_RoundTripTest" time="3.066" errors="0" timestamp="2024-04-19T10:47:12 IST" skipped="0">
  <testcase classname="testcases.TC005_FlightSearch_RoundTripTest" name="flightSearch_RoundTrip" time="3.066"/>
</testsuite> <!-- testcases.TC005_FlightSearch_RoundTripTest -->
