<?xml version="1.0" encoding="UTF-8"?>
<!-- Generated by org.testng.reporters.JUnitReportReporter -->
<testsuite hostname="Venkatesh" failures="0" tests="4" name="testcases.TC003_LoginTest2" time="260.937" errors="0" timestamp="2024-04-16T16:47:27 IST" skipped="0">
  <testcase classname="testcases.TC003_LoginTest2" name="LoginCredentials" time="74.405"/>
  <testcase classname="testcases.TC003_LoginTest2" name="LoginCredentials" time="82.592"/>
  <testcase classname="testcases.TC003_LoginTest2" name="LoginCredentials" time="57.319"/>
  <testcase classname="testcases.TC003_LoginTest2" name="LoginCredentials" time="46.621"/>
</testsuite> <!-- testcases.TC003_LoginTest2 -->
