<?xml version="1.0" encoding="UTF-8"?>
<!-- Generated by org.testng.reporters.JUnitReportReporter -->
<testsuite hostname="Venkatesh" failures="0" tests="4" name="testcases.TC011_LoginWithInvalidInputs_MobileNumberTest" time="57.646" errors="0" timestamp="2024-04-29T19:49:23 IST" skipped="0">
  <testcase classname="testcases.TC011_LoginWithInvalidInputs_MobileNumberTest" name="LoginCredentials_MobileNumber" time="15.174"/>
  <testcase classname="testcases.TC011_LoginWithInvalidInputs_MobileNumberTest" name="LoginCredentials_MobileNumber" time="14.279"/>
  <testcase classname="testcases.TC011_LoginWithInvalidInputs_MobileNumberTest" name="LoginCredentials_MobileNumber" time="14.050"/>
  <testcase classname="testcases.TC011_LoginWithInvalidInputs_MobileNumberTest" name="LoginCredentials_MobileNumber" time="14.143"/>
</testsuite> <!-- testcases.TC011_LoginWithInvalidInputs_MobileNumberTest -->
