<?xml version="1.0" encoding="UTF-8"?>
<!-- Generated by org.testng.reporters.JUnitReportReporter -->
<testsuite hostname="Venkatesh" failures="0" tests="1" name="testcases.TC006_FlightSelectionTest" time="48.101" errors="0" timestamp="2024-04-29T11:52:28 IST" skipped="0">
  <testcase classname="testcases.TC006_FlightSelectionTest" name="FlightSelection" time="48.101"/>
</testsuite> <!-- testcases.TC006_FlightSelectionTest -->
