<?xml version="1.0" encoding="UTF-8"?>
<!-- Generated by org.testng.reporters.JUnitReportReporter -->
<testsuite hostname="Venkatesh" failures="0" tests="1" name="testcases.RoundTripTest" time="82.355" errors="0" timestamp="2024-04-29T19:49:23 IST" skipped="0">
  <testcase classname="testcases.RoundTripTest" name="RoundWayTrip" time="82.355"/>
</testsuite> <!-- testcases.RoundTripTest -->
