<?xml version="1.0" encoding="UTF-8"?>
<!-- Generated by org.testng.reporters.JUnitReportReporter -->
<testsuite hostname="Venkatesh" failures="0" tests="1" name="testcases.TC011_partialtest" time="73.277" errors="0" timestamp="2024-04-17T12:02:19 IST" skipped="0">
  <testcase classname="testcases.TC011_partialtest" name="partialTest" time="73.277"/>
</testsuite> <!-- testcases.TC011_partialtest -->
