<?xml version="1.0" encoding="UTF-8"?>
<!-- Generated by org.testng.reporters.JUnitReportReporter -->
<testsuite hostname="Venkatesh" failures="0" tests="1" name="testcases.TC007_FieldValidationTest" time="1.158" errors="0" timestamp="2024-04-16T15:52:22 IST" skipped="0">
  <testcase classname="testcases.TC007_FieldValidationTest" name="fieldValidation" time="1.158"/>
</testsuite> <!-- testcases.TC007_FieldValidationTest -->
