<?xml version="1.0" encoding="UTF-8"?>
<!-- Generated by org.testng.reporters.JUnitReportReporter -->
<testsuite hostname="Venkatesh" failures="0" tests="2" name="testcases.TC007_PassengersDetailsTest" time="39.716" errors="0" timestamp="2024-04-19T11:45:47 IST" skipped="0">
  <testcase classname="testcases.TC007_PassengersDetailsTest" name="passengersDetails" time="33.746"/>
  <testcase classname="testcases.TC007_PassengersDetailsTest" name="passengersDetails" time="5.970"/>
</testsuite> <!-- testcases.TC007_PassengersDetailsTest -->
