<?xml version="1.0" encoding="UTF-8"?>
<!-- Generated by org.testng.reporters.JUnitReportReporter -->
<testsuite hostname="Venkatesh" failures="0" tests="1" name="testcases.TC005_OneTripTest" time="93.476" errors="0" timestamp="2024-04-29T20:38:48 IST" skipped="0">
  <testcase classname="testcases.TC005_OneTripTest" name="OneWayTrip" time="93.476"/>
</testsuite> <!-- testcases.TC005_OneTripTest -->
