<?xml version="1.0" encoding="UTF-8"?>
<!-- Generated by org.testng.reporters.JUnitReportReporter -->
<testsuite hostname="Venkatesh" failures="0" tests="1" name="testcases.OneTripTest" time="88.558" errors="0" timestamp="2024-04-29T20:01:17 IST" skipped="0">
  <testcase classname="testcases.OneTripTest" name="OneWayTrip" time="88.558"/>
</testsuite> <!-- testcases.OneTripTest -->
