<?xml version="1.0" encoding="UTF-8"?>
<!-- Generated by org.testng.reporters.JUnitReportReporter -->
<testsuite hostname="Venkatesh" failures="0" tests="1" name="testcases.TC001_BrokenURLValidationTest" time="15.742" errors="0" timestamp="2024-04-29T20:38:48 IST" skipped="0">
  <testcase classname="testcases.TC001_BrokenURLValidationTest" name="BrokenURLValidation" time="15.742"/>
</testsuite> <!-- testcases.TC001_BrokenURLValidationTest -->
