<?xml version="1.0" encoding="UTF-8"?>
<!-- Generated by org.testng.reporters.JUnitReportReporter -->
<testsuite hostname="Venkatesh" failures="0" tests="4" name="testcases.TC012_LoginWithInvalidInputs_EmailIDTest" time="72.524" errors="0" timestamp="2024-04-29T20:01:17 IST" skipped="0">
  <testcase classname="testcases.TC012_LoginWithInvalidInputs_EmailIDTest" name="LoginCredentials_EmailID" time="18.535"/>
  <testcase classname="testcases.TC012_LoginWithInvalidInputs_EmailIDTest" name="LoginCredentials_EmailID" time="18.748"/>
  <testcase classname="testcases.TC012_LoginWithInvalidInputs_EmailIDTest" name="LoginCredentials_EmailID" time="17.060"/>
  <testcase classname="testcases.TC012_LoginWithInvalidInputs_EmailIDTest" name="LoginCredentials_EmailID" time="18.181"/>
</testsuite> <!-- testcases.TC012_LoginWithInvalidInputs_EmailIDTest -->
