<?xml version="1.0" encoding="UTF-8"?>
<!-- Generated by org.testng.reporters.JUnitReportReporter -->
<testsuite hostname="Venkatesh" failures="0" tests="4" name="testcases.TC011_LoginWithInvalidInputs_MobileNumberTest" time="68.090" errors="0" timestamp="2024-04-29T20:01:17 IST" skipped="0">
  <testcase classname="testcases.TC011_LoginWithInvalidInputs_MobileNumberTest" name="LoginCredentials_MobileNumber" time="17.835"/>
  <testcase classname="testcases.TC011_LoginWithInvalidInputs_MobileNumberTest" name="LoginCredentials_MobileNumber" time="16.245"/>
  <testcase classname="testcases.TC011_LoginWithInvalidInputs_MobileNumberTest" name="LoginCredentials_MobileNumber" time="18.128"/>
  <testcase classname="testcases.TC011_LoginWithInvalidInputs_MobileNumberTest" name="LoginCredentials_MobileNumber" time="15.882"/>
</testsuite> <!-- testcases.TC011_LoginWithInvalidInputs_MobileNumberTest -->
