<?xml version="1.0" encoding="UTF-8"?>
<!-- Generated by org.testng.reporters.JUnitReportReporter -->
<testsuite hostname="Venkatesh" failures="0" tests="2" name="testcases.TC008_AddOnsTest" time="29.089" errors="0" timestamp="2024-04-19T11:45:47 IST" skipped="0">
  <testcase classname="testcases.TC008_AddOnsTest" name="addOns" time="20.760"/>
  <testcase classname="testcases.TC008_AddOnsTest" name="addOns" time="8.329"/>
</testsuite> <!-- testcases.TC008_AddOnsTest -->
