<?xml version="1.0" encoding="UTF-8"?>
<!-- Generated by org.testng.reporters.JUnitReportReporter -->
<testsuite hostname="Venkatesh" failures="0" tests="4" name="testcases.TC008_LoginWithInvalidInputs_EmailIDTest" time="62.930" errors="0" timestamp="2024-04-29T20:38:48 IST" skipped="0">
  <testcase classname="testcases.TC008_LoginWithInvalidInputs_EmailIDTest" name="LoginCredentials_EmailID" time="16.745"/>
  <testcase classname="testcases.TC008_LoginWithInvalidInputs_EmailIDTest" name="LoginCredentials_EmailID" time="13.693"/>
  <testcase classname="testcases.TC008_LoginWithInvalidInputs_EmailIDTest" name="LoginCredentials_EmailID" time="16.820"/>
  <testcase classname="testcases.TC008_LoginWithInvalidInputs_EmailIDTest" name="LoginCredentials_EmailID" time="15.672"/>
</testsuite> <!-- testcases.TC008_LoginWithInvalidInputs_EmailIDTest -->
