<?xml version="1.0" encoding="UTF-8"?>
<!-- Generated by org.testng.reporters.JUnitReportReporter -->
<testsuite hostname="Venkatesh" failures="0" tests="1" name="testcases.TC004_FieldValidationTest" time="17.330" errors="0" timestamp="2024-04-29T20:38:48 IST" skipped="0">
  <testcase classname="testcases.TC004_FieldValidationTest" name="FieldValidation" time="17.330"/>
</testsuite> <!-- testcases.TC004_FieldValidationTest -->
