<?xml version="1.0" encoding="UTF-8"?>
<!-- Generated by org.testng.reporters.JUnitReportReporter -->
<testsuite hostname="Venkatesh" failures="0" tests="2" name="testcases.TC006_FlightSelectionTest" time="11.458" errors="0" timestamp="2024-04-19T11:45:47 IST" skipped="0">
  <testcase classname="testcases.TC006_FlightSelectionTest" name="flightSelection" time="6.295"/>
  <testcase classname="testcases.TC006_FlightSelectionTest" name="flightSelection" time="5.163"/>
</testsuite> <!-- testcases.TC006_FlightSelectionTest -->
