<?xml version="1.0" encoding="UTF-8"?>
<!-- Generated by org.testng.reporters.JUnitReportReporter -->
<testsuite hostname="Venkatesh" failures="0" tests="1" name="testcases.TC006_RoundTripTest" time="92.153" errors="0" timestamp="2024-04-29T20:38:48 IST" skipped="0">
  <testcase classname="testcases.TC006_RoundTripTest" name="RoundWayTrip" time="92.153"/>
</testsuite> <!-- testcases.TC006_RoundTripTest -->
