<?xml version="1.0" encoding="UTF-8"?>
<!-- Generated by org.testng.reporters.JUnitReportReporter -->
<testsuite hostname="Venkatesh" failures="0" tests="4" name="testcases.TC007_LoginWithInvalidInputs_MobileNumberTest" time="60.161" errors="0" timestamp="2024-04-29T20:38:48 IST" skipped="0">
  <testcase classname="testcases.TC007_LoginWithInvalidInputs_MobileNumberTest" name="LoginCredentials_MobileNumber" time="13.944"/>
  <testcase classname="testcases.TC007_LoginWithInvalidInputs_MobileNumberTest" name="LoginCredentials_MobileNumber" time="16.028"/>
  <testcase classname="testcases.TC007_LoginWithInvalidInputs_MobileNumberTest" name="LoginCredentials_MobileNumber" time="15.352"/>
  <testcase classname="testcases.TC007_LoginWithInvalidInputs_MobileNumberTest" name="LoginCredentials_MobileNumber" time="14.837"/>
</testsuite> <!-- testcases.TC007_LoginWithInvalidInputs_MobileNumberTest -->
